<?xml version="1.0" encoding="UTF-8"?>
<testsuite xmlns:xsi="http://www.w3.org/2001/XMLSchema-instance" xsi:noNamespaceSchemaLocation="https://maven.apache.org/surefire/maven-surefire-plugin/xsd/surefire-test-report-3.0.xsd" version="3.0" name="com.example.reloader.service.MetadataImporterServiceIntegrationTest" time="11.163" tests="1" errors="0" skipped="0" failures="0">
  <properties>
    <property name="java.specification.version" value="21"/>
    <property name="sun.jnu.encoding" value="UTF-8"/>
    <property name="java.class.path" value="/workspaces/sender/backend/target/test-classes:/workspaces/sender/backend/target/classes:/home/codespace/.m2/repository/org/springframework/boot/spring-boot-starter-web/3.2.0/spring-boot-starter-web-3.2.0.jar:/home/codespace/.m2/repository/org/springframework/boot/spring-boot-starter/3.2.0/spring-boot-starter-3.2.0.jar:/home/codespace/.m2/repository/org/springframework/boot/spring-boot/3.2.0/spring-boot-3.2.0.jar:/home/codespace/.m2/repository/org/springframework/boot/spring-boot-autoconfigure/3.2.0/spring-boot-autoconfigure-3.2.0.jar:/home/codespace/.m2/repository/org/springframework/boot/spring-boot-starter-logging/3.2.0/spring-boot-starter-logging-3.2.0.jar:/home/codespace/.m2/repository/ch/qos/logback/logback-classic/1.4.11/logback-classic-1.4.11.jar:/home/codespace/.m2/repository/ch/qos/logback/logback-core/1.4.11/logback-core-1.4.11.jar:/home/codespace/.m2/repository/org/apache/logging/log4j/log4j-to-slf4j/2.21.1/log4j-to-slf4j-2.21.1.jar:/home/codespace/.m2/repository/org/apache/logging/log4j/log4j-api/2.21.1/log4j-api-2.21.1.jar:/home/codespace/.m2/repository/org/slf4j/jul-to-slf4j/2.0.9/jul-to-slf4j-2.0.9.jar:/home/codespace/.m2/repository/jakarta/annotation/jakarta.annotation-api/2.1.1/jakarta.annotation-api-2.1.1.jar:/home/codespace/.m2/repository/org/springframework/boot/spring-boot-starter-json/3.2.0/spring-boot-starter-json-3.2.0.jar:/home/codespace/.m2/repository/com/fasterxml/jackson/datatype/jackson-datatype-jdk8/2.15.3/jackson-datatype-jdk8-2.15.3.jar:/home/codespace/.m2/repository/com/fasterxml/jackson/datatype/jackson-datatype-jsr310/2.15.3/jackson-datatype-jsr310-2.15.3.jar:/home/codespace/.m2/repository/com/fasterxml/jackson/module/jackson-module-parameter-names/2.15.3/jackson-module-parameter-names-2.15.3.jar:/home/codespace/.m2/repository/org/springframework/boot/spring-boot-starter-tomcat/3.2.0/spring-boot-starter-tomcat-3.2.0.jar:/home/codespace/.m2/repository/org/apache/tomcat/embed/tomcat-embed-core/10.1.16/tomcat-embed-core-10.1.16.jar:/home/codespace/.m2/repository/org/apache/tomcat/embed/tomcat-embed-el/10.1.16/tomcat-embed-el-10.1.16.jar:/home/codespace/.m2/repository/org/apache/tomcat/embed/tomcat-embed-websocket/10.1.16/tomcat-embed-websocket-10.1.16.jar:/home/codespace/.m2/repository/org/springframework/spring-web/6.1.1/spring-web-6.1.1.jar:/home/codespace/.m2/repository/io/micrometer/micrometer-observation/1.12.0/micrometer-observation-1.12.0.jar:/home/codespace/.m2/repository/io/micrometer/micrometer-commons/1.12.0/micrometer-commons-1.12.0.jar:/home/codespace/.m2/repository/org/springframework/spring-webmvc/6.1.1/spring-webmvc-6.1.1.jar:/home/codespace/.m2/repository/org/springframework/spring-expression/6.1.1/spring-expression-6.1.1.jar:/home/codespace/.m2/repository/org/springframework/boot/spring-boot-starter-data-jpa/3.2.0/spring-boot-starter-data-jpa-3.2.0.jar:/home/codespace/.m2/repository/org/springframework/boot/spring-boot-starter-aop/3.2.0/spring-boot-starter-aop-3.2.0.jar:/home/codespace/.m2/repository/org/aspectj/aspectjweaver/1.9.20.1/aspectjweaver-1.9.20.1.jar:/home/codespace/.m2/repository/org/springframework/boot/spring-boot-starter-jdbc/3.2.0/spring-boot-starter-jdbc-3.2.0.jar:/home/codespace/.m2/repository/com/zaxxer/HikariCP/5.0.1/HikariCP-5.0.1.jar:/home/codespace/.m2/repository/org/springframework/spring-jdbc/6.1.1/spring-jdbc-6.1.1.jar:/home/codespace/.m2/repository/org/hibernate/orm/hibernate-core/6.3.1.Final/hibernate-core-6.3.1.Final.jar:/home/codespace/.m2/repository/jakarta/persistence/jakarta.persistence-api/3.1.0/jakarta.persistence-api-3.1.0.jar:/home/codespace/.m2/repository/jakarta/transaction/jakarta.transaction-api/2.0.1/jakarta.transaction-api-2.0.1.jar:/home/codespace/.m2/repository/org/jboss/logging/jboss-logging/3.5.3.Final/jboss-logging-3.5.3.Final.jar:/home/codespace/.m2/repository/org/hibernate/common/hibernate-commons-annotations/6.0.6.Final/hibernate-commons-annotations-6.0.6.Final.jar:/home/codespace/.m2/repository/io/smallrye/jandex/3.1.2/jandex-3.1.2.jar:/home/codespace/.m2/repository/com/fasterxml/classmate/1.6.0/classmate-1.6.0.jar:/home/codespace/.m2/repository/net/bytebuddy/byte-buddy/1.14.10/byte-buddy-1.14.10.jar:/home/codespace/.m2/repository/org/glassfish/jaxb/jaxb-runtime/4.0.4/jaxb-runtime-4.0.4.jar:/home/codespace/.m2/repository/org/glassfish/jaxb/jaxb-core/4.0.4/jaxb-core-4.0.4.jar:/home/codespace/.m2/repository/org/glassfish/jaxb/txw2/4.0.4/txw2-4.0.4.jar:/home/codespace/.m2/repository/com/sun/istack/istack-commons-runtime/4.1.2/istack-commons-runtime-4.1.2.jar:/home/codespace/.m2/repository/jakarta/inject/jakarta.inject-api/2.0.1/jakarta.inject-api-2.0.1.jar:/home/codespace/.m2/repository/org/antlr/antlr4-runtime/4.10.1/antlr4-runtime-4.10.1.jar:/home/codespace/.m2/repository/org/springframework/data/spring-data-jpa/3.2.0/spring-data-jpa-3.2.0.jar:/home/codespace/.m2/repository/org/springframework/data/spring-data-commons/3.2.0/spring-data-commons-3.2.0.jar:/home/codespace/.m2/repository/org/springframework/spring-orm/6.1.1/spring-orm-6.1.1.jar:/home/codespace/.m2/repository/org/springframework/spring-aspects/6.1.1/spring-aspects-6.1.1.jar:/home/codespace/.m2/repository/com/oracle/database/jdbc/ojdbc11/23.3.0.23.09/ojdbc11-23.3.0.23.09.jar:/home/codespace/.m2/repository/org/springframework/boot/spring-boot-starter-mail/3.2.0/spring-boot-starter-mail-3.2.0.jar:/home/codespace/.m2/repository/org/springframework/spring-context-support/6.1.1/spring-context-support-6.1.1.jar:/home/codespace/.m2/repository/org/eclipse/angus/jakarta.mail/2.0.2/jakarta.mail-2.0.2.jar:/home/codespace/.m2/repository/jakarta/activation/jakarta.activation-api/2.1.2/jakarta.activation-api-2.1.2.jar:/home/codespace/.m2/repository/org/eclipse/angus/angus-activation/2.0.1/angus-activation-2.0.1.jar:/home/codespace/.m2/repository/com/fasterxml/jackson/core/jackson-databind/2.15.3/jackson-databind-2.15.3.jar:/home/codespace/.m2/repository/com/fasterxml/jackson/core/jackson-annotations/2.15.3/jackson-annotations-2.15.3.jar:/home/codespace/.m2/repository/com/fasterxml/jackson/core/jackson-core/2.15.3/jackson-core-2.15.3.jar:/home/codespace/.m2/repository/org/springframework/boot/spring-boot-starter-test/3.2.0/spring-boot-starter-test-3.2.0.jar:/home/codespace/.m2/repository/org/springframework/boot/spring-boot-test/3.2.0/spring-boot-test-3.2.0.jar:/home/codespace/.m2/repository/org/springframework/boot/spring-boot-test-autoconfigure/3.2.0/spring-boot-test-autoconfigure-3.2.0.jar:/home/codespace/.m2/repository/com/jayway/jsonpath/json-path/2.8.0/json-path-2.8.0.jar:/home/codespace/.m2/repository/jakarta/xml/bind/jakarta.xml.bind-api/4.0.1/jakarta.xml.bind-api-4.0.1.jar:/home/codespace/.m2/repository/net/minidev/json-smart/2.5.0/json-smart-2.5.0.jar:/home/codespace/.m2/repository/net/minidev/accessors-smart/2.5.0/accessors-smart-2.5.0.jar:/home/codespace/.m2/repository/org/ow2/asm/asm/9.3/asm-9.3.jar:/home/codespace/.m2/repository/org/assertj/assertj-core/3.24.2/assertj-core-3.24.2.jar:/home/codespace/.m2/repository/org/awaitility/awaitility/4.2.0/awaitility-4.2.0.jar:/home/codespace/.m2/repository/org/hamcrest/hamcrest/2.2/hamcrest-2.2.jar:/home/codespace/.m2/repository/org/junit/jupiter/junit-jupiter/5.10.1/junit-jupiter-5.10.1.jar:/home/codespace/.m2/repository/org/junit/jupiter/junit-jupiter-api/5.10.1/junit-jupiter-api-5.10.1.jar:/home/codespace/.m2/repository/org/opentest4j/opentest4j/1.3.0/opentest4j-1.3.0.jar:/home/codespace/.m2/repository/org/junit/platform/junit-platform-commons/1.10.1/junit-platform-commons-1.10.1.jar:/home/codespace/.m2/repository/org/apiguardian/apiguardian-api/1.1.2/apiguardian-api-1.1.2.jar:/home/codespace/.m2/repository/org/junit/jupiter/junit-jupiter-params/5.10.1/junit-jupiter-params-5.10.1.jar:/home/codespace/.m2/repository/org/junit/jupiter/junit-jupiter-engine/5.10.1/junit-jupiter-engine-5.10.1.jar:/home/codespace/.m2/repository/org/junit/platform/junit-platform-engine/1.10.1/junit-platform-engine-1.10.1.jar:/home/codespace/.m2/repository/org/mockito/mockito-core/5.7.0/mockito-core-5.7.0.jar:/home/codespace/.m2/repository/net/bytebuddy/byte-buddy-agent/1.14.10/byte-buddy-agent-1.14.10.jar:/home/codespace/.m2/repository/org/objenesis/objenesis/3.3/objenesis-3.3.jar:/home/codespace/.m2/repository/org/mockito/mockito-junit-jupiter/5.7.0/mockito-junit-jupiter-5.7.0.jar:/home/codespace/.m2/repository/org/skyscreamer/jsonassert/1.5.1/jsonassert-1.5.1.jar:/home/codespace/.m2/repository/com/vaadin/external/google/android-json/0.0.20131108.vaadin1/android-json-0.0.20131108.vaadin1.jar:/home/codespace/.m2/repository/org/springframework/spring-core/6.1.1/spring-core-6.1.1.jar:/home/codespace/.m2/repository/org/springframework/spring-jcl/6.1.1/spring-jcl-6.1.1.jar:/home/codespace/.m2/repository/org/springframework/spring-test/6.1.1/spring-test-6.1.1.jar:/home/codespace/.m2/repository/org/xmlunit/xmlunit-core/2.9.1/xmlunit-core-2.9.1.jar:/home/codespace/.m2/repository/com/h2database/h2/2.2.224/h2-2.2.224.jar:/home/codespace/.m2/repository/org/springframework/boot/spring-boot-starter-security/3.2.0/spring-boot-starter-security-3.2.0.jar:/home/codespace/.m2/repository/org/springframework/spring-aop/6.1.1/spring-aop-6.1.1.jar:/home/codespace/.m2/repository/org/springframework/security/spring-security-config/6.2.0/spring-security-config-6.2.0.jar:/home/codespace/.m2/repository/org/springframework/security/spring-security-web/6.2.0/spring-security-web-6.2.0.jar:/home/codespace/.m2/repository/org/springframework/ldap/spring-ldap-core/3.2.0/spring-ldap-core-3.2.0.jar:/home/codespace/.m2/repository/org/springframework/spring-beans/6.1.1/spring-beans-6.1.1.jar:/home/codespace/.m2/repository/org/springframework/spring-tx/6.1.1/spring-tx-6.1.1.jar:/home/codespace/.m2/repository/org/slf4j/slf4j-api/2.0.9/slf4j-api-2.0.9.jar:/home/codespace/.m2/repository/org/springframework/security/spring-security-ldap/6.2.0/spring-security-ldap-6.2.0.jar:/home/codespace/.m2/repository/org/springframework/security/spring-security-core/6.2.0/spring-security-core-6.2.0.jar:/home/codespace/.m2/repository/org/springframework/security/spring-security-crypto/6.2.0/spring-security-crypto-6.2.0.jar:/home/codespace/.m2/repository/org/springframework/spring-context/6.1.1/spring-context-6.1.1.jar:/home/codespace/.m2/repository/io/jsonwebtoken/jjwt-api/0.11.5/jjwt-api-0.11.5.jar:/home/codespace/.m2/repository/io/jsonwebtoken/jjwt-impl/0.11.5/jjwt-impl-0.11.5.jar:/home/codespace/.m2/repository/io/jsonwebtoken/jjwt-jackson/0.11.5/jjwt-jackson-0.11.5.jar:/home/codespace/.m2/repository/org/liquibase/liquibase-core/4.24.0/liquibase-core-4.24.0.jar:/home/codespace/.m2/repository/com/opencsv/opencsv/5.8/opencsv-5.8.jar:/home/codespace/.m2/repository/org/apache/commons/commons-lang3/3.13.0/commons-lang3-3.13.0.jar:/home/codespace/.m2/repository/org/apache/commons/commons-text/1.10.0/commons-text-1.10.0.jar:/home/codespace/.m2/repository/org/apache/commons/commons-collections4/4.4/commons-collections4-4.4.jar:/home/codespace/.m2/repository/org/yaml/snakeyaml/2.2/snakeyaml-2.2.jar:/home/codespace/.m2/repository/javax/xml/bind/jaxb-api/2.3.1/jaxb-api-2.3.1.jar:"/>
    <property name="java.vm.vendor" value="Microsoft"/>
    <property name="sun.arch.data.model" value="64"/>
    <property name="java.vendor.url" value="https://www.microsoft.com"/>
    <property name="user.timezone" value="Etc/UTC"/>
    <property name="org.jboss.logging.provider" value="slf4j"/>
    <property name="os.name" value="Linux"/>
    <property name="java.vm.specification.version" value="21"/>
    <property name="sun.java.launcher" value="SUN_STANDARD"/>
    <property name="sun.boot.library.path" value="/usr/local/sdkman/candidates/java/21.0.7-ms/lib"/>
    <property name="sun.java.command" value="/workspaces/sender/backend/target/surefire/surefirebooter-20250926022805414_3.jar /workspaces/sender/backend/target/surefire 2025-09-26T02-28-05_331-jvmRun1 surefire-20250926022805414_1tmp surefire_0-20250926022805414_2tmp"/>
    <property name="jdk.debug" value="release"/>
    <property name="surefire.test.class.path" value="/workspaces/sender/backend/target/test-classes:/workspaces/sender/backend/target/classes:/home/codespace/.m2/repository/org/springframework/boot/spring-boot-starter-web/3.2.0/spring-boot-starter-web-3.2.0.jar:/home/codespace/.m2/repository/org/springframework/boot/spring-boot-starter/3.2.0/spring-boot-starter-3.2.0.jar:/home/codespace/.m2/repository/org/springframework/boot/spring-boot/3.2.0/spring-boot-3.2.0.jar:/home/codespace/.m2/repository/org/springframework/boot/spring-boot-autoconfigure/3.2.0/spring-boot-autoconfigure-3.2.0.jar:/home/codespace/.m2/repository/org/springframework/boot/spring-boot-starter-logging/3.2.0/spring-boot-starter-logging-3.2.0.jar:/home/codespace/.m2/repository/ch/qos/logback/logback-classic/1.4.11/logback-classic-1.4.11.jar:/home/codespace/.m2/repository/ch/qos/logback/logback-core/1.4.11/logback-core-1.4.11.jar:/home/codespace/.m2/repository/org/apache/logging/log4j/log4j-to-slf4j/2.21.1/log4j-to-slf4j-2.21.1.jar:/home/codespace/.m2/repository/org/apache/logging/log4j/log4j-api/2.21.1/log4j-api-2.21.1.jar:/home/codespace/.m2/repository/org/slf4j/jul-to-slf4j/2.0.9/jul-to-slf4j-2.0.9.jar:/home/codespace/.m2/repository/jakarta/annotation/jakarta.annotation-api/2.1.1/jakarta.annotation-api-2.1.1.jar:/home/codespace/.m2/repository/org/springframework/boot/spring-boot-starter-json/3.2.0/spring-boot-starter-json-3.2.0.jar:/home/codespace/.m2/repository/com/fasterxml/jackson/datatype/jackson-datatype-jdk8/2.15.3/jackson-datatype-jdk8-2.15.3.jar:/home/codespace/.m2/repository/com/fasterxml/jackson/datatype/jackson-datatype-jsr310/2.15.3/jackson-datatype-jsr310-2.15.3.jar:/home/codespace/.m2/repository/com/fasterxml/jackson/module/jackson-module-parameter-names/2.15.3/jackson-module-parameter-names-2.15.3.jar:/home/codespace/.m2/repository/org/springframework/boot/spring-boot-starter-tomcat/3.2.0/spring-boot-starter-tomcat-3.2.0.jar:/home/codespace/.m2/repository/org/apache/tomcat/embed/tomcat-embed-core/10.1.16/tomcat-embed-core-10.1.16.jar:/home/codespace/.m2/repository/org/apache/tomcat/embed/tomcat-embed-el/10.1.16/tomcat-embed-el-10.1.16.jar:/home/codespace/.m2/repository/org/apache/tomcat/embed/tomcat-embed-websocket/10.1.16/tomcat-embed-websocket-10.1.16.jar:/home/codespace/.m2/repository/org/springframework/spring-web/6.1.1/spring-web-6.1.1.jar:/home/codespace/.m2/repository/io/micrometer/micrometer-observation/1.12.0/micrometer-observation-1.12.0.jar:/home/codespace/.m2/repository/io/micrometer/micrometer-commons/1.12.0/micrometer-commons-1.12.0.jar:/home/codespace/.m2/repository/org/springframework/spring-webmvc/6.1.1/spring-webmvc-6.1.1.jar:/home/codespace/.m2/repository/org/springframework/spring-expression/6.1.1/spring-expression-6.1.1.jar:/home/codespace/.m2/repository/org/springframework/boot/spring-boot-starter-data-jpa/3.2.0/spring-boot-starter-data-jpa-3.2.0.jar:/home/codespace/.m2/repository/org/springframework/boot/spring-boot-starter-aop/3.2.0/spring-boot-starter-aop-3.2.0.jar:/home/codespace/.m2/repository/org/aspectj/aspectjweaver/1.9.20.1/aspectjweaver-1.9.20.1.jar:/home/codespace/.m2/repository/org/springframework/boot/spring-boot-starter-jdbc/3.2.0/spring-boot-starter-jdbc-3.2.0.jar:/home/codespace/.m2/repository/com/zaxxer/HikariCP/5.0.1/HikariCP-5.0.1.jar:/home/codespace/.m2/repository/org/springframework/spring-jdbc/6.1.1/spring-jdbc-6.1.1.jar:/home/codespace/.m2/repository/org/hibernate/orm/hibernate-core/6.3.1.Final/hibernate-core-6.3.1.Final.jar:/home/codespace/.m2/repository/jakarta/persistence/jakarta.persistence-api/3.1.0/jakarta.persistence-api-3.1.0.jar:/home/codespace/.m2/repository/jakarta/transaction/jakarta.transaction-api/2.0.1/jakarta.transaction-api-2.0.1.jar:/home/codespace/.m2/repository/org/jboss/logging/jboss-logging/3.5.3.Final/jboss-logging-3.5.3.Final.jar:/home/codespace/.m2/repository/org/hibernate/common/hibernate-commons-annotations/6.0.6.Final/hibernate-commons-annotations-6.0.6.Final.jar:/home/codespace/.m2/repository/io/smallrye/jandex/3.1.2/jandex-3.1.2.jar:/home/codespace/.m2/repository/com/fasterxml/classmate/1.6.0/classmate-1.6.0.jar:/home/codespace/.m2/repository/net/bytebuddy/byte-buddy/1.14.10/byte-buddy-1.14.10.jar:/home/codespace/.m2/repository/org/glassfish/jaxb/jaxb-runtime/4.0.4/jaxb-runtime-4.0.4.jar:/home/codespace/.m2/repository/org/glassfish/jaxb/jaxb-core/4.0.4/jaxb-core-4.0.4.jar:/home/codespace/.m2/repository/org/glassfish/jaxb/txw2/4.0.4/txw2-4.0.4.jar:/home/codespace/.m2/repository/com/sun/istack/istack-commons-runtime/4.1.2/istack-commons-runtime-4.1.2.jar:/home/codespace/.m2/repository/jakarta/inject/jakarta.inject-api/2.0.1/jakarta.inject-api-2.0.1.jar:/home/codespace/.m2/repository/org/antlr/antlr4-runtime/4.10.1/antlr4-runtime-4.10.1.jar:/home/codespace/.m2/repository/org/springframework/data/spring-data-jpa/3.2.0/spring-data-jpa-3.2.0.jar:/home/codespace/.m2/repository/org/springframework/data/spring-data-commons/3.2.0/spring-data-commons-3.2.0.jar:/home/codespace/.m2/repository/org/springframework/spring-orm/6.1.1/spring-orm-6.1.1.jar:/home/codespace/.m2/repository/org/springframework/spring-aspects/6.1.1/spring-aspects-6.1.1.jar:/home/codespace/.m2/repository/com/oracle/database/jdbc/ojdbc11/23.3.0.23.09/ojdbc11-23.3.0.23.09.jar:/home/codespace/.m2/repository/org/springframework/boot/spring-boot-starter-mail/3.2.0/spring-boot-starter-mail-3.2.0.jar:/home/codespace/.m2/repository/org/springframework/spring-context-support/6.1.1/spring-context-support-6.1.1.jar:/home/codespace/.m2/repository/org/eclipse/angus/jakarta.mail/2.0.2/jakarta.mail-2.0.2.jar:/home/codespace/.m2/repository/jakarta/activation/jakarta.activation-api/2.1.2/jakarta.activation-api-2.1.2.jar:/home/codespace/.m2/repository/org/eclipse/angus/angus-activation/2.0.1/angus-activation-2.0.1.jar:/home/codespace/.m2/repository/com/fasterxml/jackson/core/jackson-databind/2.15.3/jackson-databind-2.15.3.jar:/home/codespace/.m2/repository/com/fasterxml/jackson/core/jackson-annotations/2.15.3/jackson-annotations-2.15.3.jar:/home/codespace/.m2/repository/com/fasterxml/jackson/core/jackson-core/2.15.3/jackson-core-2.15.3.jar:/home/codespace/.m2/repository/org/springframework/boot/spring-boot-starter-test/3.2.0/spring-boot-starter-test-3.2.0.jar:/home/codespace/.m2/repository/org/springframework/boot/spring-boot-test/3.2.0/spring-boot-test-3.2.0.jar:/home/codespace/.m2/repository/org/springframework/boot/spring-boot-test-autoconfigure/3.2.0/spring-boot-test-autoconfigure-3.2.0.jar:/home/codespace/.m2/repository/com/jayway/jsonpath/json-path/2.8.0/json-path-2.8.0.jar:/home/codespace/.m2/repository/jakarta/xml/bind/jakarta.xml.bind-api/4.0.1/jakarta.xml.bind-api-4.0.1.jar:/home/codespace/.m2/repository/net/minidev/json-smart/2.5.0/json-smart-2.5.0.jar:/home/codespace/.m2/repository/net/minidev/accessors-smart/2.5.0/accessors-smart-2.5.0.jar:/home/codespace/.m2/repository/org/ow2/asm/asm/9.3/asm-9.3.jar:/home/codespace/.m2/repository/org/assertj/assertj-core/3.24.2/assertj-core-3.24.2.jar:/home/codespace/.m2/repository/org/awaitility/awaitility/4.2.0/awaitility-4.2.0.jar:/home/codespace/.m2/repository/org/hamcrest/hamcrest/2.2/hamcrest-2.2.jar:/home/codespace/.m2/repository/org/junit/jupiter/junit-jupiter/5.10.1/junit-jupiter-5.10.1.jar:/home/codespace/.m2/repository/org/junit/jupiter/junit-jupiter-api/5.10.1/junit-jupiter-api-5.10.1.jar:/home/codespace/.m2/repository/org/opentest4j/opentest4j/1.3.0/opentest4j-1.3.0.jar:/home/codespace/.m2/repository/org/junit/platform/junit-platform-commons/1.10.1/junit-platform-commons-1.10.1.jar:/home/codespace/.m2/repository/org/apiguardian/apiguardian-api/1.1.2/apiguardian-api-1.1.2.jar:/home/codespace/.m2/repository/org/junit/jupiter/junit-jupiter-params/5.10.1/junit-jupiter-params-5.10.1.jar:/home/codespace/.m2/repository/org/junit/jupiter/junit-jupiter-engine/5.10.1/junit-jupiter-engine-5.10.1.jar:/home/codespace/.m2/repository/org/junit/platform/junit-platform-engine/1.10.1/junit-platform-engine-1.10.1.jar:/home/codespace/.m2/repository/org/mockito/mockito-core/5.7.0/mockito-core-5.7.0.jar:/home/codespace/.m2/repository/net/bytebuddy/byte-buddy-agent/1.14.10/byte-buddy-agent-1.14.10.jar:/home/codespace/.m2/repository/org/objenesis/objenesis/3.3/objenesis-3.3.jar:/home/codespace/.m2/repository/org/mockito/mockito-junit-jupiter/5.7.0/mockito-junit-jupiter-5.7.0.jar:/home/codespace/.m2/repository/org/skyscreamer/jsonassert/1.5.1/jsonassert-1.5.1.jar:/home/codespace/.m2/repository/com/vaadin/external/google/android-json/0.0.20131108.vaadin1/android-json-0.0.20131108.vaadin1.jar:/home/codespace/.m2/repository/org/springframework/spring-core/6.1.1/spring-core-6.1.1.jar:/home/codespace/.m2/repository/org/springframework/spring-jcl/6.1.1/spring-jcl-6.1.1.jar:/home/codespace/.m2/repository/org/springframework/spring-test/6.1.1/spring-test-6.1.1.jar:/home/codespace/.m2/repository/org/xmlunit/xmlunit-core/2.9.1/xmlunit-core-2.9.1.jar:/home/codespace/.m2/repository/com/h2database/h2/2.2.224/h2-2.2.224.jar:/home/codespace/.m2/repository/org/springframework/boot/spring-boot-starter-security/3.2.0/spring-boot-starter-security-3.2.0.jar:/home/codespace/.m2/repository/org/springframework/spring-aop/6.1.1/spring-aop-6.1.1.jar:/home/codespace/.m2/repository/org/springframework/security/spring-security-config/6.2.0/spring-security-config-6.2.0.jar:/home/codespace/.m2/repository/org/springframework/security/spring-security-web/6.2.0/spring-security-web-6.2.0.jar:/home/codespace/.m2/repository/org/springframework/ldap/spring-ldap-core/3.2.0/spring-ldap-core-3.2.0.jar:/home/codespace/.m2/repository/org/springframework/spring-beans/6.1.1/spring-beans-6.1.1.jar:/home/codespace/.m2/repository/org/springframework/spring-tx/6.1.1/spring-tx-6.1.1.jar:/home/codespace/.m2/repository/org/slf4j/slf4j-api/2.0.9/slf4j-api-2.0.9.jar:/home/codespace/.m2/repository/org/springframework/security/spring-security-ldap/6.2.0/spring-security-ldap-6.2.0.jar:/home/codespace/.m2/repository/org/springframework/security/spring-security-core/6.2.0/spring-security-core-6.2.0.jar:/home/codespace/.m2/repository/org/springframework/security/spring-security-crypto/6.2.0/spring-security-crypto-6.2.0.jar:/home/codespace/.m2/repository/org/springframework/spring-context/6.1.1/spring-context-6.1.1.jar:/home/codespace/.m2/repository/io/jsonwebtoken/jjwt-api/0.11.5/jjwt-api-0.11.5.jar:/home/codespace/.m2/repository/io/jsonwebtoken/jjwt-impl/0.11.5/jjwt-impl-0.11.5.jar:/home/codespace/.m2/repository/io/jsonwebtoken/jjwt-jackson/0.11.5/jjwt-jackson-0.11.5.jar:/home/codespace/.m2/repository/org/liquibase/liquibase-core/4.24.0/liquibase-core-4.24.0.jar:/home/codespace/.m2/repository/com/opencsv/opencsv/5.8/opencsv-5.8.jar:/home/codespace/.m2/repository/org/apache/commons/commons-lang3/3.13.0/commons-lang3-3.13.0.jar:/home/codespace/.m2/repository/org/apache/commons/commons-text/1.10.0/commons-text-1.10.0.jar:/home/codespace/.m2/repository/org/apache/commons/commons-collections4/4.4/commons-collections4-4.4.jar:/home/codespace/.m2/repository/org/yaml/snakeyaml/2.2/snakeyaml-2.2.jar:/home/codespace/.m2/repository/javax/xml/bind/jaxb-api/2.3.1/jaxb-api-2.3.1.jar:"/>
    <property name="sun.cpu.endian" value="little"/>
    <property name="user.home" value="/home/codespace"/>
    <property name="user.language" value="en"/>
    <property name="java.specification.vendor" value="Oracle Corporation"/>
    <property name="java.version.date" value="2025-04-15"/>
    <property name="java.home" value="/usr/local/sdkman/candidates/java/21.0.7-ms"/>
    <property name="file.separator" value="/"/>
    <property name="basedir" value="/workspaces/sender/backend"/>
    <property name="java.vm.compressedOopsMode" value="32-bit"/>
    <property name="line.separator" value="&#10;"/>
    <property name="java.vm.specification.vendor" value="Oracle Corporation"/>
    <property name="java.specification.name" value="Java Platform API Specification"/>
    <property name="FILE_LOG_CHARSET" value="UTF-8"/>
    <property name="java.awt.headless" value="true"/>
    <property name="surefire.real.class.path" value="/workspaces/sender/backend/target/surefire/surefirebooter-20250926022805414_3.jar"/>
    <property name="sun.management.compiler" value="HotSpot 64-Bit Tiered Compilers"/>
    <property name="java.runtime.version" value="21.0.7+6-LTS"/>
    <property name="user.name" value="codespace"/>
    <property name="stdout.encoding" value="UTF-8"/>
    <property name="path.separator" value=":"/>
    <property name="os.version" value="6.8.0-1030-azure"/>
    <property name="java.runtime.name" value="OpenJDK Runtime Environment"/>
    <property name="file.encoding" value="UTF-8"/>
    <property name="java.vm.name" value="OpenJDK 64-Bit Server VM"/>
    <property name="java.vendor.version" value="Microsoft-11369942"/>
    <property name="localRepository" value="/home/codespace/.m2/repository"/>
    <property name="java.vendor.url.bug" value="https://github.com/microsoft/openjdk/issues"/>
    <property name="java.io.tmpdir" value="/tmp"/>
    <property name="com.zaxxer.hikari.pool_number" value="1"/>
    <property name="java.version" value="21.0.7"/>
    <property name="user.dir" value="/workspaces/sender/backend"/>
    <property name="os.arch" value="amd64"/>
    <property name="java.vm.specification.name" value="Java Virtual Machine Specification"/>
    <property name="PID" value="65080"/>
    <property name="CONSOLE_LOG_CHARSET" value="UTF-8"/>
    <property name="native.encoding" value="UTF-8"/>
    <property name="trimStackTrace" value="false"/>
    <property name="java.library.path" value="/usr/java/packages/lib:/usr/lib64:/lib64:/lib:/usr/lib"/>
    <property name="java.vm.info" value="mixed mode, sharing"/>
    <property name="stderr.encoding" value="UTF-8"/>
    <property name="java.vendor" value="Microsoft"/>
    <property name="java.vm.version" value="21.0.7+6-LTS"/>
    <property name="sun.io.unicode.encoding" value="UnicodeLittle"/>
    <property name="java.class.version" value="65.0"/>
  </properties>
  <testcase name="testDiscoverAndEnqueue" classname="com.example.reloader.service.MetadataImporterServiceIntegrationTest" time="0.219">
    <system-out><![CDATA[02:28:06.628 [main] INFO org.springframework.test.context.support.AnnotationConfigContextLoaderUtils -- Could not detect default configuration classes for test class [com.example.reloader.service.MetadataImporterServiceIntegrationTest]: MetadataImporterServiceIntegrationTest does not declare any static, non-private, non-final, nested classes annotated with @Configuration.
02:28:06.862 [main] INFO org.springframework.boot.test.context.SpringBootTestContextBootstrapper -- Found @SpringBootConfiguration com.example.reloader.ReloaderApplication for test class com.example.reloader.service.MetadataImporterServiceIntegrationTest

  .   ____          _            __ _ _
 /\\ / ___'_ __ _ _(_)_ __  __ _ \ \ \ \
( ( )\___ | '_ | '_| | '_ \/ _` | \ \ \ \
 \\/  ___)| |_)| | | | | || (_| |  ) ) ) )
  '  |____| .__|_| |_|_| |_\__, | / / / /
 =========|_|==============|___/=/_/_/_/
 :: Spring Boot ::                (v3.2.0)

2025-09-26T02:28:07.407Z  INFO 65080 --- [           main] s.MetadataImporterServiceIntegrationTest : Starting MetadataImporterServiceIntegrationTest using Java 21.0.7 with PID 65080 (started by codespace in /workspaces/sender/backend)
2025-09-26T02:28:07.417Z  INFO 65080 --- [           main] s.MetadataImporterServiceIntegrationTest : No active profile set, falling back to 1 default profile: "default"
2025-09-26T02:28:08.675Z  INFO 65080 --- [           main] .s.d.r.c.RepositoryConfigurationDelegate : Bootstrapping Spring Data JPA repositories in DEFAULT mode.
2025-09-26T02:28:08.750Z  INFO 65080 --- [           main] .s.d.r.c.RepositoryConfigurationDelegate : Finished Spring Data repository scanning in 68 ms. Found 4 JPA repository interfaces.
2025-09-26T02:28:11.183Z  INFO 65080 --- [           main] com.zaxxer.hikari.HikariDataSource       : HikariPool-1 - Starting...
2025-09-26T02:28:11.695Z  INFO 65080 --- [           main] com.zaxxer.hikari.pool.HikariPool        : HikariPool-1 - Added connection conn0: url=jdbc:h2:mem:reloader user=SA
2025-09-26T02:28:11.696Z  INFO 65080 --- [           main] com.zaxxer.hikari.HikariDataSource       : HikariPool-1 - Start completed.
2025-09-26T02:28:11.777Z  INFO 65080 --- [           main] liquibase.database                       : Set default schema name to PUBLIC
2025-09-26T02:28:12.917Z  INFO 65080 --- [           main] liquibase.changelog                      : Creating database history table with name: PUBLIC.DATABASECHANGELOG
2025-09-26T02:28:13.026Z  INFO 65080 --- [           main] liquibase.changelog                      : Reading from PUBLIC.DATABASECHANGELOG
2025-09-26T02:28:13.259Z  INFO 65080 --- [           main] liquibase.lockservice                    : Successfully acquired change log lock
2025-09-26T02:28:13.261Z  INFO 65080 --- [           main] liquibase.command                        : Using deploymentId: 8853693260
2025-09-26T02:28:13.262Z  INFO 65080 --- [           main] liquibase.changelog                      : Reading from PUBLIC.DATABASECHANGELOG
Running Changeset: db/changelog/db.changelog-1.0.xml::1::copilot
2025-09-26T02:28:13.362Z  INFO 65080 --- [           main] liquibase.changelog                      : Table sender_queue created
2025-09-26T02:28:13.363Z  INFO 65080 --- [           main] liquibase.changelog                      : ChangeSet db/changelog/db.changelog-1.0.xml::1::copilot ran successfully in 13ms
Running Changeset: db/changelog/db.changelog-1.0.xml::3::copilot
2025-09-26T02:28:13.383Z  INFO 65080 --- [           main] liquibase.changelog                      : Unique constraint added to sender_queue(sender_id, payload_id)
2025-09-26T02:28:13.384Z  INFO 65080 --- [           main] liquibase.changelog                      : ChangeSet db/changelog/db.changelog-1.0.xml::3::copilot ran successfully in 7ms
Running Changeset: db/changelog/db.changelog-1.0.xml::2::copilot
2025-09-26T02:28:13.400Z  INFO 65080 --- [           main] liquibase.changelog                      : Table refresh_tokens created
2025-09-26T02:28:13.407Z  INFO 65080 --- [           main] liquibase.changelog                      : Index idx_refresh_token_token created
2025-09-26T02:28:13.409Z  INFO 65080 --- [           main] liquibase.changelog                      : Index idx_refresh_token_username created
2025-09-26T02:28:13.409Z  INFO 65080 --- [           main] liquibase.changelog                      : ChangeSet db/changelog/db.changelog-1.0.xml::2::copilot ran successfully in 13ms
Running Changeset: db/changelog/db.changelog-1.0.xml::4::copilot
2025-09-26T02:28:13.450Z  INFO 65080 --- [           main] liquibase.changelog                      : Table external_environment created
2025-09-26T02:28:13.458Z  INFO 65080 --- [           main] liquibase.changelog                      : Table external_location created
2025-09-26T02:28:13.468Z  INFO 65080 --- [           main] liquibase.changelog                      : Foreign key constraint added to external_location (environment_id)
2025-09-26T02:28:13.470Z  INFO 65080 --- [           main] liquibase.changelog                      : Index idx_loc_env created
2025-09-26T02:28:13.470Z  INFO 65080 --- [           main] liquibase.changelog                      : ChangeSet db/changelog/db.changelog-1.0.xml::4::copilot ran successfully in 30ms
Running Changeset: db/changelog/db.changelog-1.0.xml::5::copilot
2025-09-26T02:28:13.493Z  INFO 65080 --- [           main] liquibase.changelog                      : Columns site(VARCHAR(100)) added to external_location
2025-09-26T02:28:13.493Z  INFO 65080 --- [           main] liquibase.changelog                      : ChangeSet db/changelog/db.changelog-1.0.xml::5::copilot ran successfully in 15ms
Running Changeset: db/changelog/db.changelog-1.0.xml::6::copilot
2025-09-26T02:28:13.513Z  INFO 65080 --- [           main] liquibase.changelog                      : Custom SQL executed
2025-09-26T02:28:13.513Z  INFO 65080 --- [           main] liquibase.changelog                      : ChangeSet db/changelog/db.changelog-1.0.xml::6::copilot ran successfully in 17ms
2025-09-26T02:28:13.520Z  INFO 65080 --- [           main] liquibase.util                           : UPDATE SUMMARY
2025-09-26T02:28:13.520Z  INFO 65080 --- [           main] liquibase.util                           : Run:                          6
2025-09-26T02:28:13.520Z  INFO 65080 --- [           main] liquibase.util                           : Previously run:               0
2025-09-26T02:28:13.520Z  INFO 65080 --- [           main] liquibase.util                           : Filtered out:                 0
2025-09-26T02:28:13.520Z  INFO 65080 --- [           main] liquibase.util                           : -------------------------------
2025-09-26T02:28:13.520Z  INFO 65080 --- [           main] liquibase.util                           : Total change sets:            6
2025-09-26T02:28:13.521Z  INFO 65080 --- [           main] liquibase.util                           : Update summary generated
2025-09-26T02:28:13.524Z  INFO 65080 --- [           main] liquibase.command                        : Update command completed successfully.
Liquibase: Update has been successful. Rows affected: 6
2025-09-26T02:28:13.529Z  INFO 65080 --- [           main] liquibase.lockservice                    : Successfully released change log lock
2025-09-26T02:28:13.530Z  INFO 65080 --- [           main] liquibase.command                        : Command execution complete
2025-09-26T02:28:13.658Z  INFO 65080 --- [           main] o.hibernate.jpa.internal.util.LogHelper  : HHH000204: Processing PersistenceUnitInfo [name: default]
2025-09-26T02:28:13.719Z  INFO 65080 --- [           main] org.hibernate.Version                    : HHH000412: Hibernate ORM core version 6.3.1.Final
2025-09-26T02:28:13.753Z  INFO 65080 --- [           main] o.h.c.internal.RegionFactoryInitiator    : HHH000026: Second-level cache disabled
2025-09-26T02:28:13.878Z  INFO 65080 --- [           main] o.s.o.j.p.SpringPersistenceUnitInfo      : No LoadTimeWeaver setup: ignoring JPA class transformer
2025-09-26T02:28:13.917Z  WARN 65080 --- [           main] org.hibernate.orm.deprecation            : HHH90000025: H2Dialect does not need to be specified explicitly using 'hibernate.dialect' (remove the property setting and it will be selected by default)
2025-09-26T02:28:14.808Z  INFO 65080 --- [           main] o.h.e.t.j.p.i.JtaPlatformInitiator       : HHH000489: No JTA platform available (set 'hibernate.transaction.jta.platform' to enable JTA platform integration)
2025-09-26T02:28:14.883Z  INFO 65080 --- [           main] j.LocalContainerEntityManagerFactoryBean : Initialized JPA EntityManagerFactory for persistence unit 'default'
2025-09-26T02:28:15.651Z  INFO 65080 --- [           main] o.s.d.j.r.query.QueryEnhancerFactory     : Hibernate is in classpath; If applicable, HQL parser will be used.
2025-09-26T02:28:16.269Z  WARN 65080 --- [           main] JpaBaseConfiguration$JpaWebConfiguration : spring.jpa.open-in-view is enabled by default. Therefore, database queries may be performed during view rendering. Explicitly configure spring.jpa.open-in-view to disable this warning
2025-09-26T02:28:16.756Z  INFO 65080 --- [           main] o.s.s.web.DefaultSecurityFilterChain     : Will secure any request with [org.springframework.security.web.session.DisableEncodeUrlFilter@7ae76b2, org.springframework.security.web.context.request.async.WebAsyncManagerIntegrationFilter@76928be0, org.springframework.security.web.context.SecurityContextHolderFilter@1b67ea5f, org.springframework.security.web.header.HeaderWriterFilter@684d5845, org.springframework.web.filter.CorsFilter@d367d7d, org.springframework.security.web.authentication.logout.LogoutFilter@b280053, org.springframework.security.web.authentication.www.BasicAuthenticationFilter@78e077f8, org.springframework.security.web.savedrequest.RequestCacheAwareFilter@1b3a8975, org.springframework.security.web.servletapi.SecurityContextHolderAwareRequestFilter@2a1c6186, org.springframework.security.web.authentication.AnonymousAuthenticationFilter@3131c0d8, org.springframework.security.web.access.ExceptionTranslationFilter@66e8fa2c, org.springframework.security.web.access.intercept.AuthorizationFilter@3fddbcb1]
2025-09-26T02:28:17.217Z  INFO 65080 --- [           main] o.s.l.c.support.AbstractContextSource    : Property 'userDn' not set - anonymous context will be used for read-write operations
2025-09-26T02:28:17.302Z  INFO 65080 --- [           main] s.MetadataImporterServiceIntegrationTest : Started MetadataImporterServiceIntegrationTest in 10.279 seconds (process running for 11.794)
2025-09-26T02:28:17.478Z  INFO 65080 --- [           main] c.e.r.service.MetadataImporterService    : External queue size for sender 42 is 1
2025-09-26T02:28:17.487Z  INFO 65080 --- [           main] c.e.r.service.MetadataImporterService    : Discovered 2 rows and enqueued 2 payloads for sender 42. Skipped 0 already-present.
]]></system-out>
    <system-err><![CDATA[WARNING: A Java agent has been loaded dynamically (/home/codespace/.m2/repository/net/bytebuddy/byte-buddy-agent/1.14.10/byte-buddy-agent-1.14.10.jar)
WARNING: If a serviceability tool is in use, please run with -XX:+EnableDynamicAgentLoading to hide this warning
WARNING: If a serviceability tool is not in use, please run with -Djdk.instrument.traceUsage for more information
WARNING: Dynamic loading of agents will be disallowed by default in a future release
]]></system-err>
  </testcase>
</testsuite>